<?xml version="1.0" encoding="UTF-8"?>
<!-- Generated by org.testng.reporters.JUnitXMLReporter -->
<testsuite hostname="LAPTOP-6P3KT7T9" failures="3" tests="24" name="Test" time="439.046" errors="0" timestamp="22 May 2024 06:29:21 GMT">
  <testcase classname="com.hrms.testscripts.TC012_AddEmployee_Page" name="tc012" time="16.423"/>
  <testcase classname="com.hrms.testscripts.TC019_AddEmployee_Page" name="tc019" time="36.921"/>
  <testcase classname="com.hrms.testscripts.TC020_AddEmployee_Page" name="tc020" time="28.681"/>
  <testcase classname="com.hrms.testscripts.VerifyTitle" name="tc002" time="21.613"/>
  <testcase classname="com.hrms.testscripts.TC003_Login_Page" name="tc003" time="16.833"/>
  <testcase classname="com.hrms.testscripts.TC009_Login_Page" name="tc009" time="14.126"/>
  <testcase classname="com.hrms.testscripts.TC038" name="tc038" time="16.125">
    <failure type="org.openqa.selenium.NoSuchElementException" message="Unable to locate element: *[name=&amp;apos;username&amp;apos;]
For documentation on this error, please visit: https://www.selenium.dev/documentation/webdriver/troubleshooting/errors#no-such-element-exception
Build info: version: &amp;apos;4.15.0&amp;apos;, revision: &amp;apos;1d14b5521b&amp;apos;
System info: os.name: &amp;apos;Windows 11&amp;apos;, os.arch: &amp;apos;amd64&amp;apos;, os.version: &amp;apos;10.0&amp;apos;, java.version: &amp;apos;21.0.1&amp;apos;
Driver info: org.openqa.selenium.firefox.FirefoxDriver
Command: [84c376be-4181-41a4-92d3-7134f2a47d49, findElement {using=name, value=username}]
Capabilities {acceptInsecureCerts: true, browserName: firefox, browserVersion: 126.0, moz:accessibilityChecks: false, moz:buildID: 20240509170740, moz:debuggerAddress: 127.0.0.1:30705, moz:geckodriverVersion: 0.34.0, moz:headless: false, moz:platformVersion: 10.0, moz:processID: 11140, moz:profile: C:\WINDOWS\SystemTemp\rust_..., moz:shutdownTimeout: 60000, moz:webdriverClick: true, moz:windowless: false, pageLoadStrategy: normal, platformName: windows, proxy: Proxy(), se:cdp: ws://127.0.0.1:30705/devtoo..., se:cdpVersion: 85.0, setWindowRect: true, strictFileInteractability: false, timeouts: {implicit: 0, pageLoad: 300000, script: 30000}, unhandledPromptBehavior: dismiss and notify, userAgent: Mozilla/5.0 (Windows NT 10....}
Session ID: 84c376be-4181-41a4-92d3-7134f2a47d49">
      <![CDATA[org.openqa.selenium.NoSuchElementException: Unable to locate element: *[name='username']
For documentation on this error, please visit: https://www.selenium.dev/documentation/webdriver/troubleshooting/errors#no-such-element-exception
Build info: version: '4.15.0', revision: '1d14b5521b'
System info: os.name: 'Windows 11', os.arch: 'amd64', os.version: '10.0', java.version: '21.0.1'
Driver info: org.openqa.selenium.firefox.FirefoxDriver
Command: [84c376be-4181-41a4-92d3-7134f2a47d49, findElement {using=name, value=username}]
Capabilities {acceptInsecureCerts: true, browserName: firefox, browserVersion: 126.0, moz:accessibilityChecks: false, moz:buildID: 20240509170740, moz:debuggerAddress: 127.0.0.1:30705, moz:geckodriverVersion: 0.34.0, moz:headless: false, moz:platformVersion: 10.0, moz:processID: 11140, moz:profile: C:\WINDOWS\SystemTemp\rust_..., moz:shutdownTimeout: 60000, moz:webdriverClick: true, moz:windowless: false, pageLoadStrategy: normal, platformName: windows, proxy: Proxy(), se:cdp: ws://127.0.0.1:30705/devtoo..., se:cdpVersion: 85.0, setWindowRect: true, strictFileInteractability: false, timeouts: {implicit: 0, pageLoad: 300000, script: 30000}, unhandledPromptBehavior: dismiss and notify, userAgent: Mozilla/5.0 (Windows NT 10....}
Session ID: 84c376be-4181-41a4-92d3-7134f2a47d49
	at org.openqa.selenium.remote.codec.w3c.W3CHttpResponseCodec.createException(W3CHttpResponseCodec.java:200)
	at org.openqa.selenium.remote.codec.w3c.W3CHttpResponseCodec.decode(W3CHttpResponseCodec.java:133)
	at org.openqa.selenium.remote.codec.w3c.W3CHttpResponseCodec.decode(W3CHttpResponseCodec.java:52)
	at org.openqa.selenium.remote.HttpCommandExecutor.execute(HttpCommandExecutor.java:191)
	at org.openqa.selenium.remote.service.DriverCommandExecutor.invokeExecute(DriverCommandExecutor.java:200)
	at org.openqa.selenium.remote.service.DriverCommandExecutor.execute(DriverCommandExecutor.java:175)
	at org.openqa.selenium.remote.RemoteWebDriver.execute(RemoteWebDriver.java:607)
	at org.openqa.selenium.remote.ElementLocation$ElementFinder$2.findElement(ElementLocation.java:165)
	at org.openqa.selenium.remote.ElementLocation.findElement(ElementLocation.java:66)
	at org.openqa.selenium.remote.RemoteWebDriver.findElement(RemoteWebDriver.java:364)
	at org.openqa.selenium.remote.RemoteWebDriver.findElement(RemoteWebDriver.java:358)
	at com.hrms.testdata_obj_methods.Login_Page.login(Login_Page.java:25)
	at com.hrms.testscripts.TC038.tc038(TC038.java:18)
... Removed 24 stack frames]]>
    </failure>
  </testcase> <!-- tc038 -->
  <testcase classname="com.hrms.testscripts.TC014_AddEmployee_Page" name="tc014" time="20.784"/>
  <testcase classname="com.hrms.testscripts.TC007_Login_Page" name="tc007" time="12.265"/>
  <testcase classname="com.hrms.testscripts.TC016_AddEmployee_Page" name="tc016" time="22.743"/>
  <testcase classname="com.hrms.testscripts.TC005_Login_Page" name="tc005" time="16.997"/>
  <testcase classname="com.hrms.testscripts.TC006_Login_Page" name="tc006" time="9.615"/>
  <testcase classname="com.hrms.testscripts.TC018_AddEmployee_Page" name="tc018" time="15.474"/>
  <testcase classname="com.hrms.testscripts.TC013_AddEmployee_Page" name="tc013" time="29.019"/>
  <testcase classname="com.hrms.testscripts.TC001_Login_Page" name="tc001" time="14.548"/>
  <testcase classname="com.hrms.testscripts.TC021_AddEmployee_Page" name="tc021" time="16.128"/>
  <testcase classname="com.hrms.testscripts.TC022_AddEmployee_Page" name="tc022" time="20.547"/>
  <testcase classname="com.hrms.testscripts.EmpInformation_Page" name="tc" time="11.325">
    <failure type="java.lang.NullPointerException" message="Cannot invoke &amp;quot;String.equals(Object)&amp;quot; because the return value of &amp;quot;org.openqa.selenium.WebElement.getAttribute(String)&amp;quot; is null">
      <![CDATA[java.lang.NullPointerException: Cannot invoke "String.equals(Object)" because the return value of "org.openqa.selenium.WebElement.getAttribute(String)" is null
	at com.hrms.testdata_obj_methods.EmpInfo_Page.dropdowns(EmpInfo_Page.java:154)
	at com.hrms.testscripts.EmpInformation_Page.tc(EmpInformation_Page.java:23)
... Removed 21 stack frames]]>
    </failure>
  </testcase> <!-- tc -->
  <testcase classname="com.hrms.testscripts.TC011_AddEmployee_Page" name="tc011" time="22.061"/>
  <testcase classname="com.hrms.testscripts.TC008_Login_Page" name="tc008" time="9.046"/>
  <testcase classname="com.hrms.testscripts.TC002_Login_Page" name="tc002" time="9.753"/>
  <testcase classname="com.hrms.testscripts.TC017_AddEmployee_Page" name="tc017" time="24.576"/>
  <testcase classname="com.hrms.testscripts.TC004_Login_Page" name="tc004" time="9.264"/>
  <testcase classname="com.hrms.testscripts.TC015_AddEmployee_Page" name="tc015" time="24.152">
    <failure type="org.openqa.selenium.NoSuchElementException" message="Unable to locate element: Add Employee
For documentation on this error, please visit: https://www.selenium.dev/documentation/webdriver/troubleshooting/errors#no-such-element-exception
Build info: version: &amp;apos;4.15.0&amp;apos;, revision: &amp;apos;1d14b5521b&amp;apos;
System info: os.name: &amp;apos;Windows 11&amp;apos;, os.arch: &amp;apos;amd64&amp;apos;, os.version: &amp;apos;10.0&amp;apos;, java.version: &amp;apos;21.0.1&amp;apos;
Driver info: org.openqa.selenium.firefox.FirefoxDriver
Command: [d984ed37-e6e0-4e44-8973-aba2443ed95e, findElement {using=link text, value=Add Employee}]
Capabilities {acceptInsecureCerts: true, browserName: firefox, browserVersion: 126.0, moz:accessibilityChecks: false, moz:buildID: 20240509170740, moz:debuggerAddress: 127.0.0.1:24083, moz:geckodriverVersion: 0.34.0, moz:headless: false, moz:platformVersion: 10.0, moz:processID: 33924, moz:profile: C:\WINDOWS\SystemTemp\rust_..., moz:shutdownTimeout: 60000, moz:webdriverClick: true, moz:windowless: false, pageLoadStrategy: normal, platformName: windows, proxy: Proxy(), se:cdp: ws://127.0.0.1:24083/devtoo..., se:cdpVersion: 85.0, setWindowRect: true, strictFileInteractability: false, timeouts: {implicit: 0, pageLoad: 300000, script: 30000}, unhandledPromptBehavior: dismiss and notify, userAgent: Mozilla/5.0 (Windows NT 10....}
Session ID: d984ed37-e6e0-4e44-8973-aba2443ed95e">
      <![CDATA[org.openqa.selenium.NoSuchElementException: Unable to locate element: Add Employee
For documentation on this error, please visit: https://www.selenium.dev/documentation/webdriver/troubleshooting/errors#no-such-element-exception
Build info: version: '4.15.0', revision: '1d14b5521b'
System info: os.name: 'Windows 11', os.arch: 'amd64', os.version: '10.0', java.version: '21.0.1'
Driver info: org.openqa.selenium.firefox.FirefoxDriver
Command: [d984ed37-e6e0-4e44-8973-aba2443ed95e, findElement {using=link text, value=Add Employee}]
Capabilities {acceptInsecureCerts: true, browserName: firefox, browserVersion: 126.0, moz:accessibilityChecks: false, moz:buildID: 20240509170740, moz:debuggerAddress: 127.0.0.1:24083, moz:geckodriverVersion: 0.34.0, moz:headless: false, moz:platformVersion: 10.0, moz:processID: 33924, moz:profile: C:\WINDOWS\SystemTemp\rust_..., moz:shutdownTimeout: 60000, moz:webdriverClick: true, moz:windowless: false, pageLoadStrategy: normal, platformName: windows, proxy: Proxy(), se:cdp: ws://127.0.0.1:24083/devtoo..., se:cdpVersion: 85.0, setWindowRect: true, strictFileInteractability: false, timeouts: {implicit: 0, pageLoad: 300000, script: 30000}, unhandledPromptBehavior: dismiss and notify, userAgent: Mozilla/5.0 (Windows NT 10....}
Session ID: d984ed37-e6e0-4e44-8973-aba2443ed95e
	at org.openqa.selenium.remote.codec.w3c.W3CHttpResponseCodec.createException(W3CHttpResponseCodec.java:200)
	at org.openqa.selenium.remote.codec.w3c.W3CHttpResponseCodec.decode(W3CHttpResponseCodec.java:133)
	at org.openqa.selenium.remote.codec.w3c.W3CHttpResponseCodec.decode(W3CHttpResponseCodec.java:52)
	at org.openqa.selenium.remote.HttpCommandExecutor.execute(HttpCommandExecutor.java:191)
	at org.openqa.selenium.remote.service.DriverCommandExecutor.invokeExecute(DriverCommandExecutor.java:200)
	at org.openqa.selenium.remote.service.DriverCommandExecutor.execute(DriverCommandExecutor.java:175)
	at org.openqa.selenium.remote.RemoteWebDriver.execute(RemoteWebDriver.java:607)
	at org.openqa.selenium.remote.ElementLocation$ElementFinder$2.findElement(ElementLocation.java:165)
	at org.openqa.selenium.remote.ElementLocation.findElement(ElementLocation.java:59)
	at org.openqa.selenium.remote.RemoteWebDriver.findElement(RemoteWebDriver.java:364)
	at org.openqa.selenium.remote.RemoteWebDriver.findElement(RemoteWebDriver.java:358)
	at com.hrms.testdata_obj_methods.AddEmp_Page.addEmpPage(AddEmp_Page.java:58)
	at com.hrms.testscripts.TC015_AddEmployee_Page.tc015(TC015_AddEmployee_Page.java:22)
... Removed 24 stack frames]]>
    </failure>
  </testcase> <!-- tc015 -->
</testsuite> <!-- Test -->
