<?xml version="1.0" encoding="UTF-8"?>
<testng-results total="1" passed="1" failed="0" skipped="0">
  <reporter-output>
    <line>
      <![CDATA[Chrome browser opened]]>
    </line>
    <line>
      <![CDATA[Login completed]]>
    </line>
    <line>
      <![CDATA[Employee list page opened]]>
    </line>
  </reporter-output>
  <suite started-at="2024-06-23T18:04:38Z" name="Default suite" finished-at="2024-06-23T18:04:57Z" duration-ms="18371">
    <groups>
    </groups>
    <test started-at="2024-06-23T18:04:38Z" name="Default test" finished-at="2024-06-23T18:04:57Z" duration-ms="18371">
      <class name="com.hrms.testscripts.EmpInformation_Page">
        <test-method signature="tc()[pri:0, instance:com.hrms.testscripts.EmpInformation_Page@7526515b]" started-at="2024-06-23T23:34:38Z" name="tc" finished-at="2024-06-23T23:34:57Z" duration-ms="18362" status="PASS">
          <reporter-output>
            <line>
              <![CDATA[Chrome browser opened]]>
            </line>
            <line>
              <![CDATA[Login completed]]>
            </line>
            <line>
              <![CDATA[Employee list page opened]]>
            </line>
          </reporter-output>
        </test-method> <!-- tc -->
      </class> <!-- com.hrms.testscripts.EmpInformation_Page -->
    </test> <!-- Default test -->
  </suite> <!-- Default suite -->
</testng-results>
